<?xml version="1.0" encoding="UTF-8"?>
<!-- Generated by org.testng.reporters.JUnitXMLReporter -->
<testsuite hostname="AA-PC" ignored="4" name="Default test" tests="1" failures="0" timestamp="2020-01-21T09:19:44 IST" time="35.513" errors="0">
  <testcase name="Tc003_Verify_Messenger_page" time="9.791" classname="framework.Testng.Testng_WebDriver_Testcase"/>
  <testcase name="Tc004_Verify_Games_page" time="0.0" classname="framework.Testng.Testng_WebDriver_Testcase">
    <ignored/>
  </testcase> <!-- Tc004_Verify_Games_page -->
  <testcase name="Tc005_Verify__page_link" time="0.0" classname="framework.Testng.Testng_WebDriver_Testcase">
    <ignored/>
  </testcase> <!-- Tc005_Verify__page_link -->
  <testcase name="Tc001_Verify_Signup_page" time="0.0" classname="framework.Testng.Testng_WebDriver_Testcase">
    <ignored/>
  </testcase> <!-- Tc001_Verify_Signup_page -->
  <testcase name="Tc002_Verify_SignIn_page" time="0.0" classname="framework.Testng.Testng_WebDriver_Testcase">
    <ignored/>
  </testcase> <!-- Tc002_Verify_SignIn_page -->
</testsuite> <!-- Default test -->
